[0.021s] Invoking command in '/home/aatmaj/Sookshma-Jetson/ros2_ws/build/velodyne_msgs': CMAKE_PREFIX_PATH=/opt/ros/humble /usr/bin/cmake --build /home/aatmaj/Sookshma-Jetson/ros2_ws/build/velodyne_msgs -- -j24 -l24
[0.074s] [  2%] [34m[1mGenerating C code for ROS interfaces[0m
[0.087s] [  5%] [34m[1mGenerating C++ code for ROS interfaces[0m
[0.100s] [  5%] Built target ament_cmake_python_symlink_velodyne_msgs
[0.384s] running egg_info
[0.384s] creating velodyne_msgs.egg-info
[0.385s] writing velodyne_msgs.egg-info/PKG-INFO
[0.385s] writing dependency_links to velodyne_msgs.egg-info/dependency_links.txt
[0.386s] writing top-level names to velodyne_msgs.egg-info/top_level.txt
[0.386s] writing manifest file 'velodyne_msgs.egg-info/SOURCES.txt'
[0.388s] reading manifest file 'velodyne_msgs.egg-info/SOURCES.txt'
[0.389s] writing manifest file 'velodyne_msgs.egg-info/SOURCES.txt'
[0.422s] [  5%] Built target ament_cmake_python_build_velodyne_msgs_egg
[0.467s] [  5%] Built target velodyne_msgs__cpp
[0.469s] [  7%] [32mBuilding C object CMakeFiles/velodyne_msgs__rosidl_generator_c.dir/rosidl_generator_c/velodyne_msgs/msg/detail/velodyne_scan__functions.c.o[0m
[0.470s] [ 10%] [32mBuilding C object CMakeFiles/velodyne_msgs__rosidl_generator_c.dir/rosidl_generator_c/velodyne_msgs/msg/detail/velodyne_packet__functions.c.o[0m
[0.479s] [ 12%] [34m[1mGenerating C++ type support dispatch for ROS interfaces[0m
[0.479s] [ 15%] [34m[1mGenerating C++ introspection for ROS interfaces[0m
[0.479s] [ 17%] [34m[1mGenerating C++ type support for eProsima Fast-RTPS[0m
[0.533s] [ 20%] [32m[1mLinking C shared library libvelodyne_msgs__rosidl_generator_c.so[0m
[0.582s] [ 20%] Built target velodyne_msgs__rosidl_generator_c
[0.596s] [ 25%] [34m[1mGenerating C introspection for ROS interfaces[0m
[0.596s] [ 25%] [34m[1mGenerating C type support dispatch for ROS interfaces[0m
[0.597s] [ 28%] [34m[1mGenerating C type support for eProsima Fast-RTPS[0m
[0.810s] [ 30%] [32mBuilding CXX object CMakeFiles/velodyne_msgs__rosidl_typesupport_cpp.dir/rosidl_typesupport_cpp/velodyne_msgs/msg/velodyne_packet__type_support.cpp.o[0m
[0.813s] [ 33%] [32mBuilding CXX object CMakeFiles/velodyne_msgs__rosidl_typesupport_cpp.dir/rosidl_typesupport_cpp/velodyne_msgs/msg/velodyne_scan__type_support.cpp.o[0m
[0.839s] [ 35%] [32mBuilding CXX object CMakeFiles/velodyne_msgs__rosidl_typesupport_fastrtps_cpp.dir/rosidl_typesupport_fastrtps_cpp/velodyne_msgs/msg/detail/dds_fastrtps/velodyne_scan__type_support.cpp.o[0m
[0.843s] [ 38%] [32mBuilding CXX object CMakeFiles/velodyne_msgs__rosidl_typesupport_fastrtps_cpp.dir/rosidl_typesupport_fastrtps_cpp/velodyne_msgs/msg/detail/dds_fastrtps/velodyne_packet__type_support.cpp.o[0m
[0.936s] [ 41%] [32mBuilding CXX object CMakeFiles/velodyne_msgs__rosidl_typesupport_introspection_cpp.dir/rosidl_typesupport_introspection_cpp/velodyne_msgs/msg/detail/velodyne_packet__type_support.cpp.o[0m
[0.937s] [ 43%] [32mBuilding CXX object CMakeFiles/velodyne_msgs__rosidl_typesupport_introspection_cpp.dir/rosidl_typesupport_introspection_cpp/velodyne_msgs/msg/detail/velodyne_scan__type_support.cpp.o[0m
[0.990s] [ 48%] [32mBuilding CXX object CMakeFiles/velodyne_msgs__rosidl_typesupport_c.dir/rosidl_typesupport_c/velodyne_msgs/msg/velodyne_packet__type_support.cpp.o[0m
[0.991s] [ 48%] [32mBuilding CXX object CMakeFiles/velodyne_msgs__rosidl_typesupport_c.dir/rosidl_typesupport_c/velodyne_msgs/msg/velodyne_scan__type_support.cpp.o[0m
[1.025s] [ 51%] [32m[1mLinking CXX shared library libvelodyne_msgs__rosidl_typesupport_c.so[0m
[1.073s] [ 51%] Built target velodyne_msgs__rosidl_typesupport_c
[1.202s] [ 53%] [32m[1mLinking CXX shared library libvelodyne_msgs__rosidl_typesupport_cpp.so[0m
[1.212s] [ 56%] [32mBuilding C object CMakeFiles/velodyne_msgs__rosidl_typesupport_introspection_c.dir/rosidl_typesupport_introspection_c/velodyne_msgs/msg/detail/velodyne_packet__type_support.c.o[0m
[1.213s] [ 58%] [32mBuilding C object CMakeFiles/velodyne_msgs__rosidl_typesupport_introspection_c.dir/rosidl_typesupport_introspection_c/velodyne_msgs/msg/detail/velodyne_scan__type_support.c.o[0m
[1.217s] [ 61%] [32mBuilding CXX object CMakeFiles/velodyne_msgs__rosidl_typesupport_fastrtps_c.dir/rosidl_typesupport_fastrtps_c/velodyne_msgs/msg/detail/velodyne_packet__type_support_c.cpp.o[0m
[1.219s] [ 64%] [32mBuilding CXX object CMakeFiles/velodyne_msgs__rosidl_typesupport_fastrtps_c.dir/rosidl_typesupport_fastrtps_c/velodyne_msgs/msg/detail/velodyne_scan__type_support_c.cpp.o[0m
[1.260s] [ 64%] Built target velodyne_msgs__rosidl_typesupport_cpp
[1.261s] [ 66%] [32m[1mLinking C shared library libvelodyne_msgs__rosidl_typesupport_introspection_c.so[0m
[1.298s] [ 66%] Built target velodyne_msgs__rosidl_typesupport_introspection_c
[1.353s] [ 69%] [32m[1mLinking CXX shared library libvelodyne_msgs__rosidl_typesupport_fastrtps_cpp.so[0m
[1.378s] [ 71%] [32m[1mLinking CXX shared library libvelodyne_msgs__rosidl_typesupport_introspection_cpp.so[0m
[1.446s] [ 71%] Built target velodyne_msgs__rosidl_typesupport_fastrtps_cpp
[1.473s] [ 71%] Built target velodyne_msgs__rosidl_typesupport_introspection_cpp
[1.573s] [ 74%] [32m[1mLinking CXX shared library libvelodyne_msgs__rosidl_typesupport_fastrtps_c.so[0m
[1.666s] [ 74%] Built target velodyne_msgs__rosidl_typesupport_fastrtps_c
[1.688s] [ 74%] Built target velodyne_msgs
[1.711s] [ 76%] [34m[1mGenerating Python code for ROS interfaces[0m
[2.213s] [ 76%] Built target velodyne_msgs__py
[2.238s] [ 79%] [32mBuilding C object CMakeFiles/velodyne_msgs__rosidl_generator_py.dir/rosidl_generator_py/velodyne_msgs/msg/_velodyne_packet_s.c.o[0m
[2.241s] [ 82%] [32mBuilding C object CMakeFiles/velodyne_msgs__rosidl_generator_py.dir/rosidl_generator_py/velodyne_msgs/msg/_velodyne_scan_s.c.o[0m
[2.358s] [ 84%] [32m[1mLinking C shared library rosidl_generator_py/velodyne_msgs/libvelodyne_msgs__rosidl_generator_py.so[0m
[2.411s] [ 84%] Built target velodyne_msgs__rosidl_generator_py
[2.441s] [ 89%] [32mBuilding C object CMakeFiles/velodyne_msgs__rosidl_typesupport_introspection_c__pyext.dir/rosidl_generator_py/velodyne_msgs/_velodyne_msgs_s.ep.rosidl_typesupport_introspection_c.c.o[0m
[2.441s] [ 89%] [32mBuilding C object CMakeFiles/velodyne_msgs__rosidl_typesupport_c__pyext.dir/rosidl_generator_py/velodyne_msgs/_velodyne_msgs_s.ep.rosidl_typesupport_c.c.o[0m
[2.442s] [ 92%] [32mBuilding C object CMakeFiles/velodyne_msgs__rosidl_typesupport_fastrtps_c__pyext.dir/rosidl_generator_py/velodyne_msgs/_velodyne_msgs_s.ep.rosidl_typesupport_fastrtps_c.c.o[0m
[2.558s] [ 94%] [32m[1mLinking C shared library rosidl_generator_py/velodyne_msgs/velodyne_msgs_s__rosidl_typesupport_introspection_c.cpython-310-x86_64-linux-gnu.so[0m
[2.560s] [ 97%] [32m[1mLinking C shared library rosidl_generator_py/velodyne_msgs/velodyne_msgs_s__rosidl_typesupport_c.cpython-310-x86_64-linux-gnu.so[0m
[2.560s] [100%] [32m[1mLinking C shared library rosidl_generator_py/velodyne_msgs/velodyne_msgs_s__rosidl_typesupport_fastrtps_c.cpython-310-x86_64-linux-gnu.so[0m
[2.606s] [100%] Built target velodyne_msgs__rosidl_typesupport_introspection_c__pyext
[2.606s] [100%] Built target velodyne_msgs__rosidl_typesupport_fastrtps_c__pyext
[2.612s] [100%] Built target velodyne_msgs__rosidl_typesupport_c__pyext
