[0.017s] Invoking command in '/home/aatmaj/Sookshma-Jetson/ros2_ws/build/interfaces': CMAKE_PREFIX_PATH=/opt/ros/humble /usr/bin/cmake --build /home/aatmaj/Sookshma-Jetson/ros2_ws/build/interfaces -- -j24 -l24
[0.066s] [  3%] [34m[1mGenerating C code for ROS interfaces[0m
[0.079s] [  6%] [34m[1mGenerating C++ code for ROS interfaces[0m
[0.089s] [  6%] Built target ament_cmake_python_symlink_interfaces
[0.372s] running egg_info
[0.373s] creating interfaces.egg-info
[0.374s] writing interfaces.egg-info/PKG-INFO
[0.374s] writing dependency_links to interfaces.egg-info/dependency_links.txt
[0.374s] writing top-level names to interfaces.egg-info/top_level.txt
[0.375s] writing manifest file 'interfaces.egg-info/SOURCES.txt'
[0.378s] reading manifest file 'interfaces.egg-info/SOURCES.txt'
[0.378s] writing manifest file 'interfaces.egg-info/SOURCES.txt'
[0.399s] [  9%] [32mBuilding C object CMakeFiles/interfaces__rosidl_generator_c.dir/rosidl_generator_c/interfaces/msg/detail/actuator__functions.c.o[0m
[0.410s] [  9%] Built target ament_cmake_python_build_interfaces_egg
[0.421s] [  9%] Built target interfaces__cpp
[0.433s] [ 12%] [34m[1mGenerating C++ type support dispatch for ROS interfaces[0m
[0.436s] [ 16%] [34m[1mGenerating C++ introspection for ROS interfaces[0m
[0.437s] [ 19%] [34m[1mGenerating C++ type support for eProsima Fast-RTPS[0m
[0.477s] [ 22%] [32m[1mLinking C shared library libinterfaces__rosidl_generator_c.so[0m
[0.526s] [ 22%] Built target interfaces__rosidl_generator_c
[0.538s] [ 25%] [34m[1mGenerating C type support for eProsima Fast-RTPS[0m
[0.538s] [ 29%] [34m[1mGenerating C introspection for ROS interfaces[0m
[0.538s] [ 32%] [34m[1mGenerating C type support dispatch for ROS interfaces[0m
[0.727s] [ 35%] [32mBuilding CXX object CMakeFiles/interfaces__rosidl_typesupport_fastrtps_cpp.dir/rosidl_typesupport_fastrtps_cpp/interfaces/msg/detail/dds_fastrtps/actuator__type_support.cpp.o[0m
[0.731s] [ 38%] [32mBuilding CXX object CMakeFiles/interfaces__rosidl_typesupport_cpp.dir/rosidl_typesupport_cpp/interfaces/msg/actuator__type_support.cpp.o[0m
[0.735s] [ 41%] [32mBuilding CXX object CMakeFiles/interfaces__rosidl_typesupport_introspection_cpp.dir/rosidl_typesupport_introspection_cpp/interfaces/msg/detail/actuator__type_support.cpp.o[0m
[0.816s] [ 45%] [32mBuilding CXX object CMakeFiles/interfaces__rosidl_typesupport_c.dir/rosidl_typesupport_c/interfaces/msg/actuator__type_support.cpp.o[0m
[0.838s] [ 48%] [32mBuilding CXX object CMakeFiles/interfaces__rosidl_typesupport_fastrtps_c.dir/rosidl_typesupport_fastrtps_c/interfaces/msg/detail/actuator__type_support_c.cpp.o[0m
[0.841s] [ 51%] [32mBuilding C object CMakeFiles/interfaces__rosidl_typesupport_introspection_c.dir/rosidl_typesupport_introspection_c/interfaces/msg/detail/actuator__type_support.c.o[0m
[0.853s] [ 54%] [32m[1mLinking CXX shared library libinterfaces__rosidl_typesupport_c.so[0m
[0.893s] [ 58%] [32m[1mLinking C shared library libinterfaces__rosidl_typesupport_introspection_c.so[0m
[0.902s] [ 58%] Built target interfaces__rosidl_typesupport_c
[0.931s] [ 58%] Built target interfaces__rosidl_typesupport_introspection_c
[1.056s] [ 61%] [32m[1mLinking CXX shared library libinterfaces__rosidl_typesupport_cpp.so[0m
[1.104s] [ 61%] Built target interfaces__rosidl_typesupport_cpp
[1.202s] [ 64%] [32m[1mLinking CXX shared library libinterfaces__rosidl_typesupport_introspection_cpp.so[0m
[1.241s] [ 67%] [32m[1mLinking CXX shared library libinterfaces__rosidl_typesupport_fastrtps_cpp.so[0m
[1.299s] [ 70%] [32m[1mLinking CXX shared library libinterfaces__rosidl_typesupport_fastrtps_c.so[0m
[1.303s] [ 70%] Built target interfaces__rosidl_typesupport_introspection_cpp
[1.332s] [ 70%] Built target interfaces__rosidl_typesupport_fastrtps_cpp
[1.383s] [ 70%] Built target interfaces__rosidl_typesupport_fastrtps_c
[1.410s] [ 70%] Built target interfaces
[1.434s] [ 74%] [34m[1mGenerating Python code for ROS interfaces[0m
[1.806s] [ 74%] Built target interfaces__py
[1.834s] [ 77%] [32mBuilding C object CMakeFiles/interfaces__rosidl_generator_py.dir/rosidl_generator_py/interfaces/msg/_actuator_s.c.o[0m
[2.022s] [ 80%] [32m[1mLinking C shared library rosidl_generator_py/interfaces/libinterfaces__rosidl_generator_py.so[0m
[2.087s] [ 80%] Built target interfaces__rosidl_generator_py
[2.116s] [ 83%] [32mBuilding C object CMakeFiles/interfaces__rosidl_typesupport_c__pyext.dir/rosidl_generator_py/interfaces/_interfaces_s.ep.rosidl_typesupport_c.c.o[0m
[2.117s] [ 87%] [32mBuilding C object CMakeFiles/interfaces__rosidl_typesupport_introspection_c__pyext.dir/rosidl_generator_py/interfaces/_interfaces_s.ep.rosidl_typesupport_introspection_c.c.o[0m
[2.117s] [ 90%] [32mBuilding C object CMakeFiles/interfaces__rosidl_typesupport_fastrtps_c__pyext.dir/rosidl_generator_py/interfaces/_interfaces_s.ep.rosidl_typesupport_fastrtps_c.c.o[0m
[2.232s] [ 93%] [32m[1mLinking C shared library rosidl_generator_py/interfaces/interfaces_s__rosidl_typesupport_c.cpython-310-x86_64-linux-gnu.so[0m
[2.232s] [ 96%] [32m[1mLinking C shared library rosidl_generator_py/interfaces/interfaces_s__rosidl_typesupport_introspection_c.cpython-310-x86_64-linux-gnu.so[0m
[2.236s] [100%] [32m[1mLinking C shared library rosidl_generator_py/interfaces/interfaces_s__rosidl_typesupport_fastrtps_c.cpython-310-x86_64-linux-gnu.so[0m
[2.279s] [100%] Built target interfaces__rosidl_typesupport_c__pyext
[2.281s] [100%] Built target interfaces__rosidl_typesupport_introspection_c__pyext
[2.285s] [100%] Built target interfaces__rosidl_typesupport_fastrtps_c__pyext
