[0.017s] Invoking command in '/home/aatmaj/Sookshma-Jetson/ros2_ws/build/velodyne_laserscan': CMAKE_PREFIX_PATH=/opt/ros/humble /usr/bin/cmake /home/aatmaj/Sookshma-Jetson/ros2_ws/src/velodyne/velodyne_laserscan -DAMENT_CMAKE_SYMLINK_INSTALL=1 -DCMAKE_INSTALL_PREFIX=/home/aatmaj/Sookshma-Jetson/ros2_ws/install/velodyne_laserscan
[0.079s] -- The C compiler identification is GNU 11.4.0
[0.151s] -- The CXX compiler identification is GNU 11.4.0
[0.159s] -- Detecting C compiler ABI info
[0.243s] -- Detecting C compiler ABI info - done
[0.255s] -- Check for working C compiler: /usr/bin/cc - skipped
[0.255s] -- Detecting C compile features
[0.256s] -- Detecting C compile features - done
[0.260s] -- Detecting CXX compiler ABI info
[0.355s] -- Detecting CXX compiler ABI info - done
[0.363s] -- Check for working CXX compiler: /usr/bin/c++ - skipped
[0.363s] -- Detecting CXX compile features
[0.363s] -- Detecting CXX compile features - done
[0.365s] -- Found ament_cmake_ros: 0.10.0 (/opt/ros/humble/share/ament_cmake_ros/cmake)
[0.582s] -- Found Python3: /usr/bin/python3 (found version "3.10.12") found components: Interpreter 
[0.670s] -- Override CMake install command with custom implementation using symlinks instead of copying resources
[0.722s] -- Found rclcpp: 16.0.15 (/opt/ros/humble/share/rclcpp/cmake)
[0.778s] -- Found rosidl_generator_c: 3.1.7 (/opt/ros/humble/share/rosidl_generator_c/cmake)
[0.784s] -- Found rosidl_adapter: 3.1.7 (/opt/ros/humble/share/rosidl_adapter/cmake)
[0.794s] -- Found rosidl_generator_cpp: 3.1.7 (/opt/ros/humble/share/rosidl_generator_cpp/cmake)
[0.808s] -- Using all available rosidl_typesupport_c: rosidl_typesupport_fastrtps_c;rosidl_typesupport_introspection_c
[0.828s] -- Using all available rosidl_typesupport_cpp: rosidl_typesupport_fastrtps_cpp;rosidl_typesupport_introspection_cpp
[0.887s] -- Found rmw_implementation_cmake: 6.1.2 (/opt/ros/humble/share/rmw_implementation_cmake/cmake)
[0.891s] -- Found rmw_fastrtps_cpp: 6.2.8 (/opt/ros/humble/share/rmw_fastrtps_cpp/cmake)
[1.025s] -- Found OpenSSL: /usr/lib/x86_64-linux-gnu/libcrypto.so (found version "3.0.2")  
[1.069s] -- Found FastRTPS: /opt/ros/humble/include  
[1.135s] -- Using RMW implementation 'rmw_fastrtps_cpp' as default
[1.150s] -- Looking for pthread.h
[1.254s] -- Looking for pthread.h - found
[1.255s] -- Performing Test CMAKE_HAVE_LIBC_PTHREAD
[1.360s] -- Performing Test CMAKE_HAVE_LIBC_PTHREAD - Success
[1.363s] -- Found Threads: TRUE  
[1.453s] -- Found rclcpp_components: 16.0.15 (/opt/ros/humble/share/rclcpp_components/cmake)
[1.496s] -- Found sensor_msgs: 4.9.0 (/opt/ros/humble/share/sensor_msgs/cmake)
[1.543s] -- Found ament_lint_auto: 0.12.14 (/opt/ros/humble/share/ament_lint_auto/cmake)
[1.640s] -- Added test 'copyright' to check source files copyright and LICENSE
[1.642s] -- Added test 'cppcheck' to perform static code analysis on C / C++ code
[1.642s] -- Configured cppcheck include dirs: $<BUILD_INTERFACE:/home/aatmaj/Sookshma-Jetson/ros2_ws/src/velodyne/velodyne_laserscan/include>
[1.643s] -- Configured cppcheck exclude dirs and/or files: 
[1.645s] -- Added test 'cpplint' to check C / C++ code against the Google style
[1.645s] -- Configured cpplint exclude dirs and/or files: 
[1.645s] -- Added test 'flake8' to check Python code syntax and style conventions
[1.646s] -- Added test 'lint_cmake' to check CMake code style
[1.647s] -- Added test 'pep257' to check Python code against some of the docstring style conventions in PEP 257
[1.650s] -- Added test 'uncrustify' to check C / C++ code style
[1.650s] -- Configured uncrustify additional arguments: 
[1.651s] -- Added test 'xmllint' to check XML markup files
[1.658s] -- Configuring done
[1.680s] -- Generating done
[1.687s] -- Build files have been written to: /home/aatmaj/Sookshma-Jetson/ros2_ws/build/velodyne_laserscan
