[0.019s] Invoking command in '/home/aatmaj/Sookshma-Jetson/ros2_ws/build/zed_components': CMAKE_PREFIX_PATH=/opt/ros/humble /usr/bin/cmake /home/aatmaj/Sookshma-Jetson/ros2_ws/src/zed-ros2-wrapper/zed_components -DAMENT_CMAKE_SYMLINK_INSTALL=1 -DCMAKE_INSTALL_PREFIX=/home/aatmaj/Sookshma-Jetson/ros2_ws/install/zed_components
[0.052s] [31mCMake Error at CMakeLists.txt:84 (find_package):
[0.052s]   By not providing "FindZED.cmake" in CMAKE_MODULE_PATH this project has
[0.052s]   asked CMake to find a package configuration file provided by "ZED", but
[0.052s]   CMake did not find one.
[0.052s] 
[0.053s]   Could not find a package configuration file provided by "ZED" with any of
[0.053s]   the following names:
[0.053s] 
[0.053s]     ZEDConfig.cmake
[0.053s]     zed-config.cmake
[0.053s] 
[0.053s]   Add the installation prefix of "ZED" to CMAKE_PREFIX_PATH or set "ZED_DIR"
[0.053s]   to a directory containing one of the above files.  If "ZED" provides a
[0.053s]   separate development package or SDK, be sure it has been installed.
[0.053s] 
[0.053s] [0m
[0.053s] -- Configuring incomplete, errors occurred!
[0.053s] See also "/home/aatmaj/Sookshma-Jetson/ros2_ws/build/zed_components/CMakeFiles/CMakeOutput.log".
[0.056s] Invoked command in '/home/aatmaj/Sookshma-Jetson/ros2_ws/build/zed_components' returned '1': CMAKE_PREFIX_PATH=/opt/ros/humble /usr/bin/cmake /home/aatmaj/Sookshma-Jetson/ros2_ws/src/zed-ros2-wrapper/zed_components -DAMENT_CMAKE_SYMLINK_INSTALL=1 -DCMAKE_INSTALL_PREFIX=/home/aatmaj/Sookshma-Jetson/ros2_ws/install/zed_components
