[0.020s] Invoking command in '/home/aatmaj/Sookshma-Jetson/ros2_ws/build/sbg_driver': CMAKE_PREFIX_PATH=/opt/ros/humble /usr/bin/cmake /home/aatmaj/Sookshma-Jetson/ros2_ws/src/sbg_ros2_driver -DAMENT_CMAKE_SYMLINK_INSTALL=1 -DCMAKE_INSTALL_PREFIX=/home/aatmaj/Sookshma-Jetson/ros2_ws/install/sbg_driver
[0.034s] -- Found ament_cmake: 1.3.12 (/opt/ros/humble/share/ament_cmake/cmake)
[0.172s] -- Override CMake install command with custom implementation using symlinks instead of copying resources
[0.193s] -- Found rclcpp: 16.0.15 (/opt/ros/humble/share/rclcpp/cmake)
[0.244s] -- Found rosidl_generator_c: 3.1.7 (/opt/ros/humble/share/rosidl_generator_c/cmake)
[0.247s] -- Found rosidl_adapter: 3.1.7 (/opt/ros/humble/share/rosidl_adapter/cmake)
[0.255s] -- Found rosidl_generator_cpp: 3.1.7 (/opt/ros/humble/share/rosidl_generator_cpp/cmake)
[0.267s] -- Using all available rosidl_typesupport_c: rosidl_typesupport_fastrtps_c;rosidl_typesupport_introspection_c
[0.282s] -- Using all available rosidl_typesupport_cpp: rosidl_typesupport_fastrtps_cpp;rosidl_typesupport_introspection_cpp
[0.324s] -- Found rmw_implementation_cmake: 6.1.2 (/opt/ros/humble/share/rmw_implementation_cmake/cmake)
[0.326s] -- Found rmw_fastrtps_cpp: 6.2.8 (/opt/ros/humble/share/rmw_fastrtps_cpp/cmake)
[0.476s] -- Using RMW implementation 'rmw_fastrtps_cpp' as default
[0.530s] -- Found sensor_msgs: 4.9.0 (/opt/ros/humble/share/sensor_msgs/cmake)
[0.561s] -- Found std_srvs: 4.9.0 (/opt/ros/humble/share/std_srvs/cmake)
[0.571s] -- Found rosidl_default_generators: 1.2.0 (/opt/ros/humble/share/rosidl_default_generators/cmake)
[0.578s] -- Found nav_msgs: 4.9.0 (/opt/ros/humble/share/nav_msgs/cmake)
[0.609s] [31mCMake Error at CMakeLists.txt:12 (find_package):
[0.609s]   By not providing "Findrtcm_msgs.cmake" in CMAKE_MODULE_PATH this project
[0.609s]   has asked CMake to find a package configuration file provided by
[0.609s]   "rtcm_msgs", but CMake did not find one.
[0.609s] 
[0.609s]   Could not find a package configuration file provided by "rtcm_msgs" with
[0.609s]   any of the following names:
[0.610s] 
[0.610s]     rtcm_msgsConfig.cmake
[0.610s]     rtcm_msgs-config.cmake
[0.610s] 
[0.610s]   Add the installation prefix of "rtcm_msgs" to CMAKE_PREFIX_PATH or set
[0.610s]   "rtcm_msgs_DIR" to a directory containing one of the above files.  If
[0.610s]   "rtcm_msgs" provides a separate development package or SDK, be sure it has
[0.610s]   been installed.
[0.610s] 
[0.610s] [0m
[0.610s] -- Configuring incomplete, errors occurred!
[0.611s] See also "/home/aatmaj/Sookshma-Jetson/ros2_ws/build/sbg_driver/CMakeFiles/CMakeOutput.log".
