[0.019s] Invoking command in '/home/aatmaj/Sookshma-Jetson/ros2_ws/build/sbg_driver': CMAKE_PREFIX_PATH=/opt/ros/humble /usr/bin/cmake /home/aatmaj/Sookshma-Jetson/ros2_ws/src/sbg_ros2_driver -DAMENT_CMAKE_SYMLINK_INSTALL=1 -DCMAKE_INSTALL_PREFIX=/home/aatmaj/Sookshma-Jetson/ros2_ws/install/sbg_driver
[0.084s] -- The C compiler identification is GNU 11.4.0
[0.159s] -- The CXX compiler identification is GNU 11.4.0
[0.174s] -- Detecting C compiler ABI info
[0.266s] -- Detecting C compiler ABI info - done
[0.277s] -- Check for working C compiler: /usr/bin/cc - skipped
[0.278s] -- Detecting C compile features
[0.278s] -- Detecting C compile features - done
[0.283s] -- Detecting CXX compiler ABI info
[0.391s] -- Detecting CXX compiler ABI info - done
[0.418s] -- Check for working CXX compiler: /usr/bin/c++ - skipped
[0.419s] -- Detecting CXX compile features
[0.421s] -- Detecting CXX compile features - done
[0.426s] -- Found ament_cmake: 1.3.12 (/opt/ros/humble/share/ament_cmake/cmake)
[0.625s] -- Found Python3: /usr/bin/python3 (found version "3.10.12") found components: Interpreter 
[0.697s] -- Override CMake install command with custom implementation using symlinks instead of copying resources
[0.761s] -- Found rclcpp: 16.0.15 (/opt/ros/humble/share/rclcpp/cmake)
[0.832s] -- Found rosidl_generator_c: 3.1.7 (/opt/ros/humble/share/rosidl_generator_c/cmake)
[0.837s] -- Found rosidl_adapter: 3.1.7 (/opt/ros/humble/share/rosidl_adapter/cmake)
[0.847s] -- Found rosidl_generator_cpp: 3.1.7 (/opt/ros/humble/share/rosidl_generator_cpp/cmake)
[0.862s] -- Using all available rosidl_typesupport_c: rosidl_typesupport_fastrtps_c;rosidl_typesupport_introspection_c
[0.882s] -- Using all available rosidl_typesupport_cpp: rosidl_typesupport_fastrtps_cpp;rosidl_typesupport_introspection_cpp
[0.934s] -- Found rmw_implementation_cmake: 6.1.2 (/opt/ros/humble/share/rmw_implementation_cmake/cmake)
[0.937s] -- Found rmw_fastrtps_cpp: 6.2.8 (/opt/ros/humble/share/rmw_fastrtps_cpp/cmake)
[1.054s] -- Found OpenSSL: /usr/lib/x86_64-linux-gnu/libcrypto.so (found version "3.0.2")  
[1.100s] -- Found FastRTPS: /opt/ros/humble/include  
[1.168s] -- Using RMW implementation 'rmw_fastrtps_cpp' as default
[1.179s] -- Looking for pthread.h
[1.273s] -- Looking for pthread.h - found
[1.273s] -- Performing Test CMAKE_HAVE_LIBC_PTHREAD
[1.377s] -- Performing Test CMAKE_HAVE_LIBC_PTHREAD - Success
[1.381s] -- Found Threads: TRUE  
[1.485s] -- Found sensor_msgs: 4.9.0 (/opt/ros/humble/share/sensor_msgs/cmake)
[1.544s] -- Found std_srvs: 4.9.0 (/opt/ros/humble/share/std_srvs/cmake)
[1.560s] -- Found rosidl_default_generators: 1.2.0 (/opt/ros/humble/share/rosidl_default_generators/cmake)
[1.572s] -- Found nav_msgs: 4.9.0 (/opt/ros/humble/share/nav_msgs/cmake)
[1.614s] [31mCMake Error at CMakeLists.txt:12 (find_package):
[1.614s]   By not providing "Findrtcm_msgs.cmake" in CMAKE_MODULE_PATH this project
[1.614s]   has asked CMake to find a package configuration file provided by
[1.614s]   "rtcm_msgs", but CMake did not find one.
[1.614s] 
[1.614s]   Could not find a package configuration file provided by "rtcm_msgs" with
[1.615s]   any of the following names:
[1.615s] 
[1.615s]     rtcm_msgsConfig.cmake
[1.615s]     rtcm_msgs-config.cmake
[1.615s] 
[1.615s]   Add the installation prefix of "rtcm_msgs" to CMAKE_PREFIX_PATH or set
[1.616s]   "rtcm_msgs_DIR" to a directory containing one of the above files.  If
[1.616s]   "rtcm_msgs" provides a separate development package or SDK, be sure it has
[1.616s]   been installed.
[1.616s] 
[1.616s] [0m
[1.617s] -- Configuring incomplete, errors occurred!
[1.617s] See also "/home/aatmaj/Sookshma-Jetson/ros2_ws/build/sbg_driver/CMakeFiles/CMakeOutput.log".
